<?xml version="1.0" encoding="UTF-8"?>
<coverage generated="1549149712933" clover="3.2.0">
  <project timestamp="1549149712933" name="All files">
    <metrics statements="23" coveredstatements="21" conditionals="3" coveredconditionals="3" methods="14" coveredmethods="12" elements="40" coveredelements="36" complexity="0" loc="23" ncloc="23" packages="2" files="2" classes="2">
      <package name="kvstore">
        <metrics statements="15" coveredstatements="15" conditionals="2" coveredconditionals="2" methods="9" coveredmethods="9"/>
        <file name="pickler.ts" path="/home/lesh/coding/seriesfetch/src/kvstore/pickler.ts">
          <metrics statements="15" coveredstatements="15" conditionals="2" coveredconditionals="2" methods="9" coveredmethods="9"/>
          <line num="2" count="1" type="stmt"/>
          <line num="3" count="1" type="stmt"/>
          <line num="5" count="1" type="stmt"/>
          <line num="10" count="3" type="stmt"/>
          <line num="11" count="3" type="stmt"/>
          <line num="14" count="3" type="stmt"/>
          <line num="15" count="3" type="stmt"/>
          <line num="19" count="1" type="stmt"/>
          <line num="20" count="1" type="stmt"/>
          <line num="21" count="2" type="stmt"/>
          <line num="23" count="3" type="stmt"/>
          <line num="25" count="3" type="stmt"/>
          <line num="26" count="1" type="stmt"/>
          <line num="27" count="1" type="stmt"/>
          <line num="30" count="3" type="stmt"/>
        </file>
      </package>
      <package name="tsstore">
        <metrics statements="8" coveredstatements="6" conditionals="1" coveredconditionals="1" methods="5" coveredmethods="3"/>
        <file name="influx.ts" path="/home/lesh/coding/seriesfetch/src/tsstore/influx.ts">
          <metrics statements="8" coveredstatements="6" conditionals="1" coveredconditionals="1" methods="5" coveredmethods="3"/>
          <line num="2" count="1" type="stmt"/>
          <line num="16" count="1" type="stmt"/>
          <line num="20" count="1" type="stmt"/>
          <line num="25" count="1" type="stmt"/>
          <line num="28" count="1" type="stmt"/>
          <line num="30" count="1" type="stmt"/>
          <line num="31" count="0" type="stmt"/>
          <line num="32" count="0" type="stmt"/>
        </file>
      </package>
    </metrics>
  </project>
</coverage>
