{"total": {"lines":{"total":50,"covered":48,"skipped":0,"pct":96},"statements":{"total":65,"covered":58,"skipped":0,"pct":89.23},"functions":{"total":35,"covered":28,"skipped":0,"pct":80},"branches":{"total":3,"covered":3,"skipped":0,"pct":100}}
,"/home/lesh/coding/seriesfetch/src/index.ts": {"lines":{"total":18,"covered":18,"skipped":0,"pct":100},"functions":{"total":13,"covered":8,"skipped":0,"pct":61.54},"statements":{"total":24,"covered":19,"skipped":0,"pct":79.17},"branches":{"total":0,"covered":0,"skipped":0,"pct":100}}
,"/home/lesh/coding/seriesfetch/src/kvstore/memory.ts": {"lines":{"total":8,"covered":8,"skipped":0,"pct":100},"functions":{"total":7,"covered":7,"skipped":0,"pct":100},"statements":{"total":12,"covered":12,"skipped":0,"pct":100},"branches":{"total":0,"covered":0,"skipped":0,"pct":100}}
,"/home/lesh/coding/seriesfetch/src/kvstore/pickler.ts": {"lines":{"total":16,"covered":16,"skipped":0,"pct":100},"functions":{"total":10,"covered":10,"skipped":0,"pct":100},"statements":{"total":19,"covered":19,"skipped":0,"pct":100},"branches":{"total":2,"covered":2,"skipped":0,"pct":100}}
,"/home/lesh/coding/seriesfetch/src/tsstore/influx.ts": {"lines":{"total":8,"covered":6,"skipped":0,"pct":75},"functions":{"total":5,"covered":3,"skipped":0,"pct":60},"statements":{"total":10,"covered":8,"skipped":0,"pct":80},"branches":{"total":1,"covered":1,"skipped":0,"pct":100}}
}
