{"/home/lesh/coding/seriesfetch/src/kvstore/pickler.ts": {"path":"/home/lesh/coding/seriesfetch/src/kvstore/pickler.ts","statementMap":{"0":{"start":{"line":2,"column":0},"end":{"line":2,"column":40}},"1":{"start":{"line":3,"column":32},"end":{"line":3,"column":40}},"2":{"start":{"line":14,"column":2},"end":{"line":22,"column":3}},"3":{"start":{"line":15,"column":4},"end":{"line":21,"column":55}},"4":{"start":{"line":19,"column":23},"end":{"line":19,"column":39}},"5":{"start":{"line":20,"column":20},"end":{"line":20,"column":24}},"6":{"start":{"line":21,"column":41},"end":{"line":21,"column":54}},"7":{"start":{"line":23,"column":2},"end":{"line":23,"column":80}},"8":{"start":{"line":23,"column":29},"end":{"line":23,"column":80}},"9":{"start":{"line":25,"column":2},"end":{"line":28,"column":3}},"10":{"start":{"line":26,"column":4},"end":{"line":26,"column":26}},"11":{"start":{"line":27,"column":4},"end":{"line":27,"column":40}},"12":{"start":{"line":27,"column":34},"end":{"line":27,"column":39}},"13":{"start":{"line":30,"column":2},"end":{"line":30,"column":39}},"14":{"start":{"line":30,"column":25},"end":{"line":30,"column":39}},"15":{"start":{"line":10,"column":4},"end":{"line":10,"column":28}},"16":{"start":{"line":11,"column":4},"end":{"line":11,"column":18}},"17":{"start":{"line":5,"column":0},"end":{"line":31,"column":1}}},"fnMap":{"0":{"name":"(anonymous_0)","decl":{"start":{"line":9,"column":2},"end":{"line":9,"column":13}},"loc":{"start":{"line":9,"column":30},"end":{"line":12,"column":3}}},"1":{"name":"(anonymous_1)","decl":{"start":{"line":14,"column":9},"end":{"line":14,"column":29}},"loc":{"start":{"line":14,"column":32},"end":{"line":22,"column":3}}},"2":{"name":"(anonymous_2)","decl":{"start":{"line":19,"column":14},"end":{"line":19,"column":17}},"loc":{"start":{"line":19,"column":23},"end":{"line":19,"column":39}}},"3":{"name":"(anonymous_3)","decl":{"start":{"line":20,"column":14},"end":{"line":20,"column":16}},"loc":{"start":{"line":20,"column":20},"end":{"line":20,"column":24}}},"4":{"name":"(anonymous_4)","decl":{"start":{"line":21,"column":20},"end":{"line":21,"column":21}},"loc":{"start":{"line":21,"column":41},"end":{"line":21,"column":54}}},"5":{"name":"(anonymous_5)","decl":{"start":{"line":23,"column":9},"end":{"line":23,"column":25}},"loc":{"start":{"line":23,"column":29},"end":{"line":23,"column":80}}},"6":{"name":"(anonymous_6)","decl":{"start":{"line":25,"column":8},"end":{"line":25,"column":12}},"loc":{"start":{"line":25,"column":49},"end":{"line":28,"column":3}}},"7":{"name":"(anonymous_7)","decl":{"start":{"line":27,"column":28},"end":{"line":27,"column":30}},"loc":{"start":{"line":27,"column":34},"end":{"line":27,"column":39}}},"8":{"name":"(anonymous_8)","decl":{"start":{"line":30,"column":8},"end":{"line":30,"column":9}},"loc":{"start":{"line":30,"column":25},"end":{"line":30,"column":39}}}},"branchMap":{"0":{"loc":{"start":{"line":16,"column":8},"end":{"line":20,"column":25}},"type":"cond-expr","locations":[{"start":{"line":16,"column":8},"end":{"line":20,"column":25}},{"start":{"line":21,"column":8},"end":{"line":21,"column":55}}]}},"s":{"0":1,"1":1,"2":3,"3":3,"4":1,"5":1,"6":2,"7":3,"8":1,"9":3,"10":1,"11":1,"12":1,"13":3,"14":2,"15":3,"16":3,"17":1},"f":{"0":3,"1":3,"2":1,"3":1,"4":2,"5":1,"6":1,"7":1,"8":2},"b":{"0":[1,2]}}
,"/home/lesh/coding/seriesfetch/src/tsstore/influx.ts": {"path":"/home/lesh/coding/seriesfetch/src/tsstore/influx.ts","statementMap":{"0":{"start":{"line":2,"column":0},"end":{"line":2,"column":43}},"1":{"start":{"line":28,"column":2},"end":{"line":28,"column":79}},"2":{"start":{"line":28,"column":32},"end":{"line":28,"column":79}},"3":{"start":{"line":28,"column":65},"end":{"line":28,"column":78}},"4":{"start":{"line":30,"column":2},"end":{"line":39,"column":6}},"5":{"start":{"line":31,"column":4},"end":{"line":39,"column":6}},"6":{"start":{"line":32,"column":6},"end":{"line":38,"column":8}},"7":{"start":{"line":20,"column":19},"end":{"line":23,"column":5}},"8":{"start":{"line":25,"column":4},"end":{"line":25,"column":54}},"9":{"start":{"line":16,"column":0},"end":{"line":40,"column":1}}},"fnMap":{"0":{"name":"(anonymous_0)","decl":{"start":{"line":19,"column":2},"end":{"line":19,"column":13}},"loc":{"start":{"line":19,"column":76},"end":{"line":26,"column":3}}},"1":{"name":"(anonymous_1)","decl":{"start":{"line":28,"column":9},"end":{"line":28,"column":28}},"loc":{"start":{"line":28,"column":32},"end":{"line":28,"column":79}}},"2":{"name":"(anonymous_2)","decl":{"start":{"line":28,"column":44},"end":{"line":28,"column":45}},"loc":{"start":{"line":28,"column":65},"end":{"line":28,"column":78}}},"3":{"name":"(anonymous_3)","decl":{"start":{"line":30,"column":8},"end":{"line":30,"column":9}},"loc":{"start":{"line":31,"column":4},"end":{"line":39,"column":6}}},"4":{"name":"(anonymous_4)","decl":{"start":{"line":31,"column":16},"end":{"line":31,"column":17}},"loc":{"start":{"line":31,"column":36},"end":{"line":39,"column":5}}}},"branchMap":{"0":{"loc":{"start":{"line":19,"column":23},"end":{"line":19,"column":34}},"type":"default-arg","locations":[{"start":{"line":19,"column":23},"end":{"line":19,"column":34}}]}},"s":{"0":1,"1":1,"2":1,"3":1,"4":1,"5":0,"6":0,"7":1,"8":1,"9":1},"f":{"0":1,"1":1,"2":1,"3":0,"4":0},"b":{"0":[1]}}
}
