{"total": {"lines":{"total":23,"covered":21,"skipped":0,"pct":91.3},"statements":{"total":28,"covered":26,"skipped":0,"pct":92.86},"functions":{"total":14,"covered":12,"skipped":0,"pct":85.71},"branches":{"total":3,"covered":3,"skipped":0,"pct":100}}
,"/home/lesh/coding/seriesfetch/src/kvstore/pickler.ts": {"lines":{"total":15,"covered":15,"skipped":0,"pct":100},"functions":{"total":9,"covered":9,"skipped":0,"pct":100},"statements":{"total":18,"covered":18,"skipped":0,"pct":100},"branches":{"total":2,"covered":2,"skipped":0,"pct":100}}
,"/home/lesh/coding/seriesfetch/src/tsstore/influx.ts": {"lines":{"total":8,"covered":6,"skipped":0,"pct":75},"functions":{"total":5,"covered":3,"skipped":0,"pct":60},"statements":{"total":10,"covered":8,"skipped":0,"pct":80},"branches":{"total":1,"covered":1,"skipped":0,"pct":100}}
}
