TN:
SF:/home/lesh/coding/seriesfetch/src/kvstore/pickler.ts
FN:9,(anonymous_0)
FN:14,(anonymous_1)
FN:19,(anonymous_2)
FN:20,(anonymous_3)
FN:21,(anonymous_4)
FN:23,(anonymous_5)
FN:25,(anonymous_6)
FN:27,(anonymous_7)
FN:30,(anonymous_8)
FNF:9
FNH:9
FNDA:3,(anonymous_0)
FNDA:3,(anonymous_1)
FNDA:1,(anonymous_2)
FNDA:1,(anonymous_3)
FNDA:2,(anonymous_4)
FNDA:1,(anonymous_5)
FNDA:1,(anonymous_6)
FNDA:1,(anonymous_7)
FNDA:2,(anonymous_8)
DA:2,1
DA:3,1
DA:5,1
DA:10,3
DA:11,3
DA:14,3
DA:15,3
DA:19,1
DA:20,1
DA:21,2
DA:23,3
DA:25,3
DA:26,1
DA:27,1
DA:30,3
LF:15
LH:15
BRDA:16,0,0,1
BRDA:16,0,1,2
BRF:2
BRH:2
end_of_record
TN:
SF:/home/lesh/coding/seriesfetch/src/tsstore/influx.ts
FN:19,(anonymous_0)
FN:28,(anonymous_1)
FN:28,(anonymous_2)
FN:30,(anonymous_3)
FN:31,(anonymous_4)
FNF:5
FNH:3
FNDA:1,(anonymous_0)
FNDA:1,(anonymous_1)
FNDA:1,(anonymous_2)
FNDA:0,(anonymous_3)
FNDA:0,(anonymous_4)
DA:2,1
DA:16,1
DA:20,1
DA:25,1
DA:28,1
DA:30,1
DA:31,0
DA:32,0
LF:8
LH:6
BRDA:19,0,0,1
BRF:1
BRH:1
end_of_record
